09/11/2020 21:12:04
T
09/11/2020 21:12:04
r
09/11/2020 21:12:04
a
09/11/2020 21:12:04
c
09/11/2020 21:12:04
e
09/11/2020 21:12:04
b
09/11/2020 21:12:04
a
09/11/2020 21:12:04
c
09/11/2020 21:12:04
k
09/11/2020 21:12:04
 
09/11/2020 21:12:04
(
09/11/2020 21:12:04
m
09/11/2020 21:12:04
o
09/11/2020 21:12:04
s
09/11/2020 21:12:04
t
09/11/2020 21:12:04
 
09/11/2020 21:12:04
r
09/11/2020 21:12:04
e
09/11/2020 21:12:04
c
09/11/2020 21:12:04
e
09/11/2020 21:12:04
n
09/11/2020 21:12:04
t
09/11/2020 21:12:04
 
09/11/2020 21:12:04
c
09/11/2020 21:12:04
a
09/11/2020 21:12:04
l
09/11/2020 21:12:04
l
09/11/2020 21:12:04
 
09/11/2020 21:12:04
l
09/11/2020 21:12:04
a
09/11/2020 21:12:04
s
09/11/2020 21:12:04
t
09/11/2020 21:12:04
)
09/11/2020 21:12:04
:
09/11/2020 21:12:04


09/11/2020 21:12:04
 
09/11/2020 21:12:04
 
09/11/2020 21:12:04
F
09/11/2020 21:12:04
i
09/11/2020 21:12:04
l
09/11/2020 21:12:04
e
09/11/2020 21:12:04
 
09/11/2020 21:12:04
"
09/11/2020 21:12:04
/
09/11/2020 21:12:04
h
09/11/2020 21:12:04
o
09/11/2020 21:12:04
m
09/11/2020 21:12:04
e
09/11/2020 21:12:04
/
09/11/2020 21:12:04
c
09/11/2020 21:12:04
a
09/11/2020 21:12:04
s
09/11/2020 21:12:04
s
09/11/2020 21:12:04
o
09/11/2020 21:12:04
l
09/11/2020 21:12:04
l
09/11/2020 21:12:04
i
09/11/2020 21:12:04
/
09/11/2020 21:12:04
A
09/11/2020 21:12:04
u
09/11/2020 21:12:04
l
09/11/2020 21:12:04
a
09/11/2020 21:12:04
s
09/11/2020 21:12:04
/
09/11/2020 21:12:04
I
09/11/2020 21:12:04
A
09/11/2020 21:12:04
/
09/11/2020 21:12:04
P
09/11/2020 21:12:04
r
09/11/2020 21:12:04
o
09/11/2020 21:12:04
j
09/11/2020 21:12:04
e
09/11/2020 21:12:04
t
09/11/2020 21:12:04
o
09/11/2020 21:12:04
/
09/11/2020 21:12:04
e
09/11/2020 21:12:04
n
09/11/2020 21:12:04
t
09/11/2020 21:12:04
r
09/11/2020 21:12:04
e
09/11/2020 21:12:04
g
09/11/2020 21:12:04
a
09/11/2020 21:12:04
8
09/11/2020 21:12:04
/
09/11/2020 21:12:04
m
09/11/2020 21:12:04
o
09/11/2020 21:12:04
d
09/11/2020 21:12:04
u
09/11/2020 21:12:04
l
09/11/2020 21:12:04
o
09/11/2020 21:12:04
.
09/11/2020 21:12:04
p
09/11/2020 21:12:04
y
09/11/2020 21:12:04
"
09/11/2020 21:12:04
,
09/11/2020 21:12:04
 
09/11/2020 21:12:04
l
09/11/2020 21:12:04
i
09/11/2020 21:12:04
n
09/11/2020 21:12:04
e
09/11/2020 21:12:04
 
09/11/2020 21:12:04
1
09/11/2020 21:12:04
6
09/11/2020 21:12:04
4
09/11/2020 21:12:04
,
09/11/2020 21:12:04
 
09/11/2020 21:12:04
i
09/11/2020 21:12:04
n
09/11/2020 21:12:04
 
09/11/2020 21:12:04
e
09/11/2020 21:12:04
x
09/11/2020 21:12:04
e
09/11/2020 21:12:04
c
09/11/2020 21:12:04
u
09/11/2020 21:12:04
t
09/11/2020 21:12:04
a
09/11/2020 21:12:04
D
09/11/2020 21:12:04
B
09/11/2020 21:12:04


09/11/2020 21:12:04
 
09/11/2020 21:12:04
 
09/11/2020 21:12:04
 
09/11/2020 21:12:04
 
09/11/2020 21:12:04
c
09/11/2020 21:12:04
o
09/11/2020 21:12:04
n
09/11/2020 21:12:04
e
09/11/2020 21:12:04
x
09/11/2020 21:12:04
a
09/11/2020 21:12:04
o
09/11/2020 21:12:04
.
09/11/2020 21:12:04
e
09/11/2020 21:12:04
x
09/11/2020 21:12:04
e
09/11/2020 21:12:04
c
09/11/2020 21:12:04
u
09/11/2020 21:12:04
t
09/11/2020 21:12:04
e
09/11/2020 21:12:04
(
09/11/2020 21:12:04
s
09/11/2020 21:12:04
q
09/11/2020 21:12:04
l
09/11/2020 21:12:04
f
09/11/2020 21:12:04
,
09/11/2020 21:12:04
v
09/11/2020 21:12:04
a
09/11/2020 21:12:04
l
09/11/2020 21:12:04
)
09/11/2020 21:12:04


09/11/2020 21:12:04
N
09/11/2020 21:12:04
a
09/11/2020 21:12:04
m
09/11/2020 21:12:04
e
09/11/2020 21:12:04
E
09/11/2020 21:12:04
r
09/11/2020 21:12:04
r
09/11/2020 21:12:04
o
09/11/2020 21:12:04
r
09/11/2020 21:12:04
:
09/11/2020 21:12:04
 
09/11/2020 21:12:04
n
09/11/2020 21:12:04
a
09/11/2020 21:12:04
m
09/11/2020 21:12:04
e
09/11/2020 21:12:04
 
09/11/2020 21:12:04
'
09/11/2020 21:12:04
s
09/11/2020 21:12:04
q
09/11/2020 21:12:04
l
09/11/2020 21:12:04
f
09/11/2020 21:12:04
'
09/11/2020 21:12:04
 
09/11/2020 21:12:04
i
09/11/2020 21:12:04
s
09/11/2020 21:12:04
 
09/11/2020 21:12:04
n
09/11/2020 21:12:04
o
09/11/2020 21:12:04
t
09/11/2020 21:12:04
 
09/11/2020 21:12:04
d
09/11/2020 21:12:04
e
09/11/2020 21:12:04
f
09/11/2020 21:12:04
i
09/11/2020 21:12:04
n
09/11/2020 21:12:04
e
09/11/2020 21:12:04
d
09/11/2020 21:12:04


09/11/2020 21:13:09
T
09/11/2020 21:13:09
r
09/11/2020 21:13:09
a
09/11/2020 21:13:09
c
09/11/2020 21:13:09
e
09/11/2020 21:13:09
b
09/11/2020 21:13:09
a
09/11/2020 21:13:09
c
09/11/2020 21:13:09
k
09/11/2020 21:13:09
 
09/11/2020 21:13:09
(
09/11/2020 21:13:09
m
09/11/2020 21:13:09
o
09/11/2020 21:13:09
s
09/11/2020 21:13:09
t
09/11/2020 21:13:09
 
09/11/2020 21:13:09
r
09/11/2020 21:13:09
e
09/11/2020 21:13:09
c
09/11/2020 21:13:09
e
09/11/2020 21:13:09
n
09/11/2020 21:13:09
t
09/11/2020 21:13:09
 
09/11/2020 21:13:09
c
09/11/2020 21:13:09
a
09/11/2020 21:13:09
l
09/11/2020 21:13:09
l
09/11/2020 21:13:09
 
09/11/2020 21:13:09
l
09/11/2020 21:13:09
a
09/11/2020 21:13:09
s
09/11/2020 21:13:09
t
09/11/2020 21:13:09
)
09/11/2020 21:13:09
:
09/11/2020 21:13:09


09/11/2020 21:13:09
 
09/11/2020 21:13:09
 
09/11/2020 21:13:09
F
09/11/2020 21:13:09
i
09/11/2020 21:13:09
l
09/11/2020 21:13:09
e
09/11/2020 21:13:09
 
09/11/2020 21:13:09
"
09/11/2020 21:13:09
/
09/11/2020 21:13:09
h
09/11/2020 21:13:09
o
09/11/2020 21:13:09
m
09/11/2020 21:13:09
e
09/11/2020 21:13:09
/
09/11/2020 21:13:09
c
09/11/2020 21:13:09
a
09/11/2020 21:13:09
s
09/11/2020 21:13:09
s
09/11/2020 21:13:09
o
09/11/2020 21:13:09
l
09/11/2020 21:13:09
l
09/11/2020 21:13:09
i
09/11/2020 21:13:09
/
09/11/2020 21:13:09
A
09/11/2020 21:13:09
u
09/11/2020 21:13:09
l
09/11/2020 21:13:09
a
09/11/2020 21:13:09
s
09/11/2020 21:13:09
/
09/11/2020 21:13:09
I
09/11/2020 21:13:09
A
09/11/2020 21:13:09
/
09/11/2020 21:13:09
P
09/11/2020 21:13:09
r
09/11/2020 21:13:09
o
09/11/2020 21:13:09
j
09/11/2020 21:13:09
e
09/11/2020 21:13:09
t
09/11/2020 21:13:09
o
09/11/2020 21:13:09
/
09/11/2020 21:13:09
e
09/11/2020 21:13:09
n
09/11/2020 21:13:09
t
09/11/2020 21:13:09
r
09/11/2020 21:13:09
e
09/11/2020 21:13:09
g
09/11/2020 21:13:09
a
09/11/2020 21:13:09
8
09/11/2020 21:13:09
/
09/11/2020 21:13:09
m
09/11/2020 21:13:09
o
09/11/2020 21:13:09
d
09/11/2020 21:13:09
u
09/11/2020 21:13:09
l
09/11/2020 21:13:09
o
09/11/2020 21:13:09
.
09/11/2020 21:13:09
p
09/11/2020 21:13:09
y
09/11/2020 21:13:09
"
09/11/2020 21:13:09
,
09/11/2020 21:13:09
 
09/11/2020 21:13:09
l
09/11/2020 21:13:09
i
09/11/2020 21:13:09
n
09/11/2020 21:13:09
e
09/11/2020 21:13:09
 
09/11/2020 21:13:09
1
09/11/2020 21:13:09
6
09/11/2020 21:13:09
4
09/11/2020 21:13:09
,
09/11/2020 21:13:09
 
09/11/2020 21:13:09
i
09/11/2020 21:13:09
n
09/11/2020 21:13:09
 
09/11/2020 21:13:09
e
09/11/2020 21:13:09
x
09/11/2020 21:13:09
e
09/11/2020 21:13:09
c
09/11/2020 21:13:09
u
09/11/2020 21:13:09
t
09/11/2020 21:13:09
a
09/11/2020 21:13:09
D
09/11/2020 21:13:09
B
09/11/2020 21:13:09


09/11/2020 21:13:09
 
09/11/2020 21:13:09
 
09/11/2020 21:13:09
 
09/11/2020 21:13:09
 
09/11/2020 21:13:09
c
09/11/2020 21:13:09
o
09/11/2020 21:13:09
n
09/11/2020 21:13:09
e
09/11/2020 21:13:09
x
09/11/2020 21:13:09
a
09/11/2020 21:13:09
o
09/11/2020 21:13:09
.
09/11/2020 21:13:09
e
09/11/2020 21:13:09
x
09/11/2020 21:13:09
e
09/11/2020 21:13:09
c
09/11/2020 21:13:09
u
09/11/2020 21:13:09
t
09/11/2020 21:13:09
e
09/11/2020 21:13:09
(
09/11/2020 21:13:09
s
09/11/2020 21:13:09
q
09/11/2020 21:13:09
l
09/11/2020 21:13:09
f
09/11/2020 21:13:09
,
09/11/2020 21:13:09
v
09/11/2020 21:13:09
a
09/11/2020 21:13:09
l
09/11/2020 21:13:09
)
09/11/2020 21:13:09


09/11/2020 21:13:09
N
09/11/2020 21:13:09
a
09/11/2020 21:13:09
m
09/11/2020 21:13:09
e
09/11/2020 21:13:09
E
09/11/2020 21:13:09
r
09/11/2020 21:13:09
r
09/11/2020 21:13:09
o
09/11/2020 21:13:09
r
09/11/2020 21:13:09
:
09/11/2020 21:13:09
 
09/11/2020 21:13:09
n
09/11/2020 21:13:09
a
09/11/2020 21:13:09
m
09/11/2020 21:13:09
e
09/11/2020 21:13:09
 
09/11/2020 21:13:09
'
09/11/2020 21:13:09
s
09/11/2020 21:13:09
q
09/11/2020 21:13:09
l
09/11/2020 21:13:09
f
09/11/2020 21:13:09
'
09/11/2020 21:13:09
 
09/11/2020 21:13:09
i
09/11/2020 21:13:09
s
09/11/2020 21:13:09
 
09/11/2020 21:13:09
n
09/11/2020 21:13:09
o
09/11/2020 21:13:09
t
09/11/2020 21:13:09
 
09/11/2020 21:13:09
d
09/11/2020 21:13:09
e
09/11/2020 21:13:09
f
09/11/2020 21:13:09
i
09/11/2020 21:13:09
n
09/11/2020 21:13:09
e
09/11/2020 21:13:09
d
09/11/2020 21:13:09


09/11/2020 21:14:07
T
09/11/2020 21:14:07
r
09/11/2020 21:14:07
a
09/11/2020 21:14:07
c
09/11/2020 21:14:07
e
09/11/2020 21:14:07
b
09/11/2020 21:14:07
a
09/11/2020 21:14:07
c
09/11/2020 21:14:07
k
09/11/2020 21:14:07
 
09/11/2020 21:14:07
(
09/11/2020 21:14:07
m
09/11/2020 21:14:07
o
09/11/2020 21:14:07
s
09/11/2020 21:14:07
t
09/11/2020 21:14:07
 
09/11/2020 21:14:07
r
09/11/2020 21:14:07
e
09/11/2020 21:14:07
c
09/11/2020 21:14:07
e
09/11/2020 21:14:07
n
09/11/2020 21:14:07
t
09/11/2020 21:14:07
 
09/11/2020 21:14:07
c
09/11/2020 21:14:07
a
09/11/2020 21:14:07
l
09/11/2020 21:14:07
l
09/11/2020 21:14:07
 
09/11/2020 21:14:07
l
09/11/2020 21:14:07
a
09/11/2020 21:14:07
s
09/11/2020 21:14:07
t
09/11/2020 21:14:07
)
09/11/2020 21:14:07
:
09/11/2020 21:14:07


09/11/2020 21:14:07
 
09/11/2020 21:14:07
 
09/11/2020 21:14:07
F
09/11/2020 21:14:07
i
09/11/2020 21:14:07
l
09/11/2020 21:14:07
e
09/11/2020 21:14:07
 
09/11/2020 21:14:07
"
09/11/2020 21:14:07
/
09/11/2020 21:14:07
h
09/11/2020 21:14:07
o
09/11/2020 21:14:07
m
09/11/2020 21:14:07
e
09/11/2020 21:14:07
/
09/11/2020 21:14:07
c
09/11/2020 21:14:07
a
09/11/2020 21:14:07
s
09/11/2020 21:14:07
s
09/11/2020 21:14:07
o
09/11/2020 21:14:07
l
09/11/2020 21:14:07
l
09/11/2020 21:14:07
i
09/11/2020 21:14:07
/
09/11/2020 21:14:07
A
09/11/2020 21:14:07
u
09/11/2020 21:14:07
l
09/11/2020 21:14:07
a
09/11/2020 21:14:07
s
09/11/2020 21:14:07
/
09/11/2020 21:14:07
I
09/11/2020 21:14:07
A
09/11/2020 21:14:07
/
09/11/2020 21:14:07
P
09/11/2020 21:14:07
r
09/11/2020 21:14:07
o
09/11/2020 21:14:07
j
09/11/2020 21:14:07
e
09/11/2020 21:14:07
t
09/11/2020 21:14:07
o
09/11/2020 21:14:07
/
09/11/2020 21:14:07
e
09/11/2020 21:14:07
n
09/11/2020 21:14:07
t
09/11/2020 21:14:07
r
09/11/2020 21:14:07
e
09/11/2020 21:14:07
g
09/11/2020 21:14:07
a
09/11/2020 21:14:07
8
09/11/2020 21:14:07
/
09/11/2020 21:14:07
m
09/11/2020 21:14:07
o
09/11/2020 21:14:07
d
09/11/2020 21:14:07
u
09/11/2020 21:14:07
l
09/11/2020 21:14:07
o
09/11/2020 21:14:07
.
09/11/2020 21:14:07
p
09/11/2020 21:14:07
y
09/11/2020 21:14:07
"
09/11/2020 21:14:07
,
09/11/2020 21:14:07
 
09/11/2020 21:14:07
l
09/11/2020 21:14:07
i
09/11/2020 21:14:07
n
09/11/2020 21:14:07
e
09/11/2020 21:14:07
 
09/11/2020 21:14:07
1
09/11/2020 21:14:07
6
09/11/2020 21:14:07
4
09/11/2020 21:14:07
,
09/11/2020 21:14:07
 
09/11/2020 21:14:07
i
09/11/2020 21:14:07
n
09/11/2020 21:14:07
 
09/11/2020 21:14:07
e
09/11/2020 21:14:07
x
09/11/2020 21:14:07
e
09/11/2020 21:14:07
c
09/11/2020 21:14:07
u
09/11/2020 21:14:07
t
09/11/2020 21:14:07
a
09/11/2020 21:14:07
D
09/11/2020 21:14:07
B
09/11/2020 21:14:07


09/11/2020 21:14:07
 
09/11/2020 21:14:07
 
09/11/2020 21:14:07
 
09/11/2020 21:14:07
 
09/11/2020 21:14:07
c
09/11/2020 21:14:07
o
09/11/2020 21:14:07
n
09/11/2020 21:14:07
e
09/11/2020 21:14:07
x
09/11/2020 21:14:07
a
09/11/2020 21:14:07
o
09/11/2020 21:14:07
.
09/11/2020 21:14:07
e
09/11/2020 21:14:07
x
09/11/2020 21:14:07
e
09/11/2020 21:14:07
c
09/11/2020 21:14:07
u
09/11/2020 21:14:07
t
09/11/2020 21:14:07
e
09/11/2020 21:14:07
(
09/11/2020 21:14:07
s
09/11/2020 21:14:07
q
09/11/2020 21:14:07
l
09/11/2020 21:14:07
f
09/11/2020 21:14:07
,
09/11/2020 21:14:07
v
09/11/2020 21:14:07
a
09/11/2020 21:14:07
l
09/11/2020 21:14:07
)
09/11/2020 21:14:07


09/11/2020 21:14:07
N
09/11/2020 21:14:07
a
09/11/2020 21:14:07
m
09/11/2020 21:14:07
e
09/11/2020 21:14:07
E
09/11/2020 21:14:07
r
09/11/2020 21:14:07
r
09/11/2020 21:14:07
o
09/11/2020 21:14:07
r
09/11/2020 21:14:07
:
09/11/2020 21:14:07
 
09/11/2020 21:14:07
n
09/11/2020 21:14:07
a
09/11/2020 21:14:07
m
09/11/2020 21:14:07
e
09/11/2020 21:14:07
 
09/11/2020 21:14:07
'
09/11/2020 21:14:07
s
09/11/2020 21:14:07
q
09/11/2020 21:14:07
l
09/11/2020 21:14:07
f
09/11/2020 21:14:07
'
09/11/2020 21:14:07
 
09/11/2020 21:14:07
i
09/11/2020 21:14:07
s
09/11/2020 21:14:07
 
09/11/2020 21:14:07
n
09/11/2020 21:14:07
o
09/11/2020 21:14:07
t
09/11/2020 21:14:07
 
09/11/2020 21:14:07
d
09/11/2020 21:14:07
e
09/11/2020 21:14:07
f
09/11/2020 21:14:07
i
09/11/2020 21:14:07
n
09/11/2020 21:14:07
e
09/11/2020 21:14:07
d
09/11/2020 21:14:07


09/11/2020 21:16:22
Traceback (most recent call last):
  File "/home/cassolli/Aulas/IA/Projeto/entrega8/modulo.py", line 172, in executaDB
    conexao.execute(sqlf,val)
NameError: name 'sqlf' is not defined

